#
# A fatal error has been detected by the Java Runtime Environment:
#
#  SIGSEGV (0xb) at pc=0xf7592832, pid=14064, tid=2964855664
#
# JRE version: 7.0-b147
# Java VM: Java HotSpot(TM) Server VM (21.0-b17 mixed mode linux-x86 )
# Problematic frame:
# C  [libc.so.6+0x6b832]  _IO_str_pbackfail+0xa12
#
# Failed to write core dump. Core dumps have been disabled. To enable core dumping, try "ulimit -c unlimited" before starting Java again
#
# If you would like to submit a bug report, please visit:
#   http://bugreport.sun.com/bugreport/crash.jsp
# The crash happened outside the Java Virtual Machine in native code.
# See problematic frame for where to report the bug.
#

---------------  T H R E A D  ---------------

Current thread (0xb0a04000):  JavaThread "JDWP Transport Listener: dt_socket" daemon [_thread_in_native, id=14082, stack(0xb0b31000,0xb0b82000)]

siginfo:si_signo=SIGSEGV: si_errno=0, si_code=1 (SEGV_MAPERR), si_addr=0x5fe7d32c

Registers:
EAX=0xb00d0418, EBX=0xf767fff4, ECX=0xb00d0418, EDX=0xf76813f0
ESP=0xb0b80d40, EBP=0xb0b80d78, ESI=0xafdacf10, EDI=0x5fe7d328
EIP=0xf7592832, EFLAGS=0x00010286, CR2=0x5fe7d32c

Top of Stack: (sp=0xb0b80d40)
0xb0b80d40:   0971f268 00000001 00000000 f765a5bf
0xb0b80d50:   f76813ec f76813c8 f76813c0 0968cee0
0xb0b80d60:   f76813f0 afd682cc 00000038 f767fff4
0xb0b80d70:   0996f8b8 001fac70 b0b80dd0 f7593daa
0xb0b80d80:   e2060000 00000000 c1d005c1 beef0003
0xb0b80d90:   beef0028 00000000 e2060000 00000000
0xb0b80da0:   00000000 f76813c0 09774ba8 00000000
0xb0b80db0:   099778b8 094e4ff0 0946f308 0017a850 

Instructions: (pc=0xf7592832)
0xf7592812:   0c 8b 75 ec 85 f6 0f 84 c2 00 00 00 8b 75 ec 8b
0xf7592822:   46 08 89 45 ec 8b 46 04 89 c1 83 e1 fa 8d 3c 0e
0xf7592832:   8b 57 04 83 e2 f8 a8 01 89 55 f0 75 41 8b 06 29
0xf7592842:   c6 01 c1 8b 46 08 89 45 e4 8b 55 e4 8b 46 0c 3b 

Register to memory mapping:

EAX=0xb00d0418 is an unknown value
EBX=0xf767fff4: <offset 0x158ff4> in /lib32/libc.so.6 at 0xf7527000
ECX=0xb00d0418 is an unknown value
EDX=0xf76813f0: <offset 0x15a3f0> in /lib32/libc.so.6 at 0xf7527000
ESP=0xb0b80d40 is pointing into the stack for thread: 0xb0a04000
EBP=0xb0b80d78 is pointing into the stack for thread: 0xb0a04000
ESI=0xafdacf10 is an unknown value
EDI=0x5fe7d328 is an unknown value


Stack: [0xb0b31000,0xb0b82000],  sp=0xb0b80d40,  free space=319k
Native frames: (J=compiled Java code, j=interpreted, Vv=VM code, C=native code)
C  [libc.so.6+0x6b832]  _IO_str_pbackfail+0xa12
C  [libc.so.6+0x6cdaa]  _IO_str_pbackfail+0x1f8a
C  [libc.so.6+0x6ff8d]  cfree+0x6d
C  [libnvidia-glcore.so.270.41.06+0xe6d29f]  _nv012glcore+0x779f
C  [libc.so.6+0x2f9ef]  __secure_getenv+0x10f
C  [libc.so.6+0x2fa4f]  exit+0x2f
C  [libjdwp.so+0xf7b2]  forceExit+0x22
C  [libjdwp.so+0xc8d8]  doExit+0x68
C  [libjdwp.so+0x12723]  debugLoop_run+0x303
C  [libjdwp.so+0x26e6f]  connectionInitiated+0xbf
C  [libjdwp.so+0x26eb0]  attachThread+0x30
V  [libjvm.so+0x4a2fec]  JvmtiAgentThread::call_start_function()+0x9c
V  [libjvm.so+0x6a17c8]  JavaThread::run()+0x178
V  [libjvm.so+0x5a2f21]  java_start(Thread*)+0x111
C  [libpthread.so.0+0x5e72]  start_thread+0xd2


---------------  P R O C E S S  ---------------

Java Threads: ( => current thread )
  0x0971e400 JavaThread "Thread-3" [_thread_blocked, id=14108, stack(0xad0b8000,0xad109000)]
  0x0937bc00 JavaThread "DestroyJavaVM" [_thread_blocked, id=14068, stack(0xf68e0000,0xf6931000)]
  0x09693000 JavaThread "Thread-1" [_thread_blocked, id=14100, stack(0xad109000,0xad15a000)]
  0xb0070000 JavaThread "TimerQueue" daemon [_thread_blocked, id=14099, stack(0xafbae000,0xafbff000)]
  0xb02db800 JavaThread "AWT-EventQueue-0" [_thread_in_native, id=14098, stack(0xafcaf000,0xafd00000)]
  0xb02da800 JavaThread "AWT-Shutdown" [_thread_blocked, id=14097, stack(0xafe43000,0xafe94000)]
  0xb00ea800 JavaThread "AWT-XAWT" daemon [_thread_blocked, id=14096, stack(0xafe94000,0xafee5000)]
  0xb022d400 JavaThread "Java2D Disposer" daemon [_thread_blocked, id=14095, stack(0xb0112000,0xb0163000)]
  0xb0a0d000 JavaThread "Service Thread" daemon [_thread_blocked, id=14093, stack(0xb080b000,0xb085c000)]
  0xb0a0b000 JavaThread "C2 CompilerThread1" daemon [_thread_blocked, id=14092, stack(0xb085c000,0xb08dd000)]
  0xb0a08c00 JavaThread "C2 CompilerThread0" daemon [_thread_blocked, id=14091, stack(0xb08dd000,0xb095e000)]
  0xb0a06800 JavaThread "JDWP Event Helper Thread" daemon [_thread_blocked, id=14083, stack(0xb09af000,0xb0a00000)]
=>0xb0a04000 JavaThread "JDWP Transport Listener: dt_socket" daemon [_thread_in_native, id=14082, stack(0xb0b31000,0xb0b82000)]
  0xb0ffb800 JavaThread "Signal Dispatcher" daemon [_thread_blocked, id=14077, stack(0xb0b82000,0xb0bd3000)]
  0xb0fc3000 JavaThread "Finalizer" daemon [_thread_blocked, id=14076, stack(0xb0bd3000,0xb0c24000)]
  0xb0fc1400 JavaThread "Reference Handler" daemon [_thread_blocked, id=14075, stack(0xb0c24000,0xb0c75000)]

Other Threads:
  0xb0fbb800 VMThread [stack: 0xb0c75000,0xb0cf6000] [id=14074]
  0xb0a17800 WatcherThread [stack: 0xb078a000,0xb080b000] [id=14094]

VM state:not at safepoint (normal execution)

VM Mutex/Monitor currently owned by a thread: None

Heap
 PSYoungGen      total 290624K, used 174684K [0xdead0000, 0xf2970000, 0xf3570000)
  eden space 282112K, 58% used [0xdead0000,0xe8d1c920,0xefe50000)
  from space 8512K, 99% used [0xf2120000,0xf296a720,0xf2970000)
  to   space 19712K, 0% used [0xf02f0000,0xf02f0000,0xf1630000)
 PSOldGen        total 47808K, used 21011K [0xb5570000, 0xb8420000, 0xdead0000)
  object space 47808K, 43% used [0xb5570000,0xb69f4de0,0xb8420000)
 PSPermGen       total 27136K, used 13592K [0xb1570000, 0xb2ff0000, 0xb5570000)
  object space 27136K, 50% used [0xb1570000,0xb22b6000,0xb2ff0000)

Code Cache  [0xf3630000, 0xf3870000, 0xf6630000)
 total_blobs=863 nmethods=495 adapters=328 free_code_cache=47894Kb largest_free_block=49010560

Dynamic libraries:
08048000-08049000 r-xp 00000000 08:01 1035098                            /app/jdk32/bin/java
08049000-0804a000 rw-p 00000000 08:01 1035098                            /app/jdk32/bin/java
09374000-09bcb000 rw-p 00000000 00:00 0                                  [heap]
ac200000-ac2cc000 rw-p 00000000 00:00 0 
ac2cc000-ac300000 ---p 00000000 00:00 0 
ac38a000-ac624000 rw-s 00000000 00:04 90374164                           /SYSV00000000 (deleted)
ac624000-ac956000 rw-p 00000000 00:00 0 
acc00000-accfb000 rw-p 00000000 00:00 0 
accfb000-acd00000 ---p 00000000 00:00 0 
ace00000-aceea000 rw-p 00000000 00:00 0 
aceea000-acf00000 ---p 00000000 00:00 0 
acf23000-acf26000 ---p 00000000 00:00 0 
acf26000-acf74000 rw-p 00000000 00:00 0 
acf74000-acf77000 ---p 00000000 00:00 0 
acf77000-acfc5000 rw-p 00000000 00:00 0 
acfc5000-acfc8000 ---p 00000000 00:00 0 
acfc8000-ad016000 rw-p 00000000 00:00 0 
ad016000-ad019000 ---p 00000000 00:00 0 
ad019000-ad067000 rw-p 00000000 00:00 0 
ad067000-ad06a000 ---p 00000000 00:00 0 
ad06a000-ad0b8000 rw-p 00000000 00:00 0 
ad0b8000-ad0bb000 ---p 00000000 00:00 0 
ad0bb000-ad109000 rw-p 00000000 00:00 0 
ad109000-ad10c000 ---p 00000000 00:00 0 
ad10c000-ad15a000 rw-p 00000000 00:00 0 
ad15a000-ad242000 r-xp 00000000 08:01 6702538                            /work/jcog/lib/jogl/libjogl_gl2.so
ad242000-ad243000 rw-p 000e7000 08:01 6702538                            /work/jcog/lib/jogl/libjogl_gl2.so
ad243000-ae8f8000 r-xp 00000000 08:01 9011620                            /usr/lib32/nvidia-current/libnvidia-glcore.so.270.41.06
ae8f8000-ae954000 rwxp 016b4000 08:01 9011620                            /usr/lib32/nvidia-current/libnvidia-glcore.so.270.41.06
ae954000-ae965000 rwxp 00000000 00:00 0 
ae965000-ae966000 r-xp 00000000 08:01 14576074                           /usr/lib32/nvidia-current/tls/libnvidia-tls.so.270.41.06
ae966000-ae967000 rw-p 00000000 08:01 14576074                           /usr/lib32/nvidia-current/tls/libnvidia-tls.so.270.41.06
ae967000-aea08000 r-xp 00000000 08:01 9011614                            /usr/lib32/nvidia-current/libGL.so.270.41.06
aea08000-aea26000 rwxp 000a1000 08:01 9011614                            /usr/lib32/nvidia-current/libGL.so.270.41.06
aea26000-aea35000 rwxp 00000000 00:00 0 
aea3d000-aea3e000 r-xp 00000000 08:01 6702540                            /work/jcog/lib/jogl/libnativewindow_awt.so
aea3e000-aea3f000 rw-p 00000000 08:01 6702540                            /work/jcog/lib/jogl/libnativewindow_awt.so
aea3f000-aea40000 r-xp 00000000 08:01 1271137                            /app/jdk32/jre/lib/i386/libjawt.so
aea40000-aea41000 rw-p 00000000 08:01 1271137                            /app/jdk32/jre/lib/i386/libjawt.so
aea41000-aea6d000 r-xp 00000000 08:01 6702539                            /work/jcog/lib/jogl/libjogl_gl2es12.so
aea6d000-aea6e000 rw-p 0002c000 08:01 6702539                            /work/jcog/lib/jogl/libjogl_gl2es12.so
aea6e000-aea72000 r-xp 00000000 08:01 14298300                           /usr/lib32/libXxf86vm.so.1.0.0
aea72000-aea73000 r--p 00003000 08:01 14298300                           /usr/lib32/libXxf86vm.so.1.0.0
aea73000-aea74000 rw-p 00004000 08:01 14298300                           /usr/lib32/libXxf86vm.so.1.0.0
aea74000-aea78000 r-xp 00000000 08:01 6702542                            /work/jcog/lib/jogl/libnativewindow_x11.so
aea78000-aea79000 rw-p 00003000 08:01 6702542                            /work/jcog/lib/jogl/libnativewindow_x11.so
aea79000-aea7a000 r-xp 00000000 08:01 6702366                            /work/jcog/lib/jogl/libgluegen-rt.so
aea7a000-aea7b000 rw-p 00000000 08:01 6702366                            /work/jcog/lib/jogl/libgluegen-rt.so
aea7b000-aea7c000 r-xp 00000000 08:01 6702541                            /work/jcog/lib/jogl/libnativewindow_jvm.so
aea7c000-aea7d000 rw-p 00000000 08:01 6702541                            /work/jcog/lib/jogl/libnativewindow_jvm.so
aea7d000-aeadd000 rw-s 00000000 00:04 90308626                           /SYSV00000000 (deleted)
aec37000-aec86000 r--p 00000000 08:01 1524471                            /usr/share/fonts/truetype/ttf-dejavu/DejaVuSansMono.ttf
aec86000-aecde000 r--p 00000000 08:01 14417940                           /usr/share/fonts/truetype/ubuntu-font-family/Ubuntu-R.ttf
aecde000-aece0000 r-xp 00000000 08:01 4262848                            /usr/lib32/pango/1.6.0/modules/pango-basic-fc.so
aece0000-aece1000 r--p 00001000 08:01 4262848                            /usr/lib32/pango/1.6.0/modules/pango-basic-fc.so
aece1000-aece2000 rw-p 00002000 08:01 4262848                            /usr/lib32/pango/1.6.0/modules/pango-basic-fc.so
aece2000-aece3000 r--s 00000000 08:01 7744297                            /home/me/.fontconfig/26de28bc8622bbc1fb67fd234c21975f-le32d4.cache-3
aece3000-aece6000 r--s 00000000 08:01 8252443                            /home/me/.fontconfig/5e10083637a12ecd1bff191eb66bfa2f-le32d4.cache-3
aece6000-aece7000 r--s 00000000 08:01 8252442                            /home/me/.fontconfig/c05880de57d1f5e948fdfacc138775d9-le32d4.cache-3
aece7000-aecea000 r--s 00000000 08:01 8252441                            /home/me/.fontconfig/603b2eb47209ddb3c5269b217a306167-le32d4.cache-3
aecea000-aecf0000 r--s 00000000 08:01 7744255                            /home/me/.fontconfig/945677eb7aeaf62f1d50efc3fb3ec7d8-le32d4.cache-3
aecf0000-aecf2000 r--s 00000000 08:01 8252439                            /home/me/.fontconfig/99e8ed0e538f840c565b6ed5dad60d56-le32d4.cache-3
aecf2000-aecf4000 r--s 00000000 08:01 7745908                            /home/me/.fontconfig/f24b2111ab8703b4e963115a8cf14259-le32d4.cache-3
aecf4000-aecf5000 r--s 00000000 08:01 8252437                            /home/me/.fontconfig/0fafd173547752dce4dee1a69e0b3c95-le32d4.cache-3
aecf5000-aecf8000 r--s 00000000 08:01 7744504                            /home/me/.fontconfig/e383d7ea5fbe662a33d9b44caf393297-le32d4.cache-3
aecf8000-aecfd000 r--s 00000000 08:01 7745906                            /home/me/.fontconfig/401a5dd6b567794a1d18dd9342dfa604-le32d4.cache-3
aecfd000-aecff000 r--s 00000000 08:01 7745904                            /home/me/.fontconfig/2cd17615ca594fa2959ae173292e504c-le32d4.cache-3
aecff000-aed04000 r--s 00000000 08:01 8252435                            /home/me/.fontconfig/bddabcf04192498a6a74911686fc6962-le32d4.cache-3
aed04000-aed07000 r--s 00000000 08:01 8252434                            /home/me/.fontconfig/a46337af8a0b4c9b317ad981ec3bdf87-le32d4.cache-3
aed07000-aed08000 r--s 00000000 08:01 8252433                            /home/me/.fontconfig/79b7902a698c37d747b157374a08587f-le32d4.cache-3
aed08000-aed09000 r--s 00000000 08:01 7745902                            /home/me/.fontconfig/1b70ff56935fd37e75520e134628df26-le32d4.cache-3
aed09000-aed0e000 r--s 00000000 08:01 8252431                            /home/me/.fontconfig/3fdcac6013931cd7c06449c5f8fab136-le32d4.cache-3
aed0e000-aed0f000 r--s 00000000 08:01 8252429                            /home/me/.fontconfig/6edd069ccec3ba28096b368c434fa861-le32d4.cache-3
aed0f000-aed11000 r--s 00000000 08:01 8252428                            /home/me/.fontconfig/ea47318ec9849e1a71e80a5d69d13859-le32d4.cache-3
aed11000-aed12000 r--s 00000000 08:01 7744503                            /home/me/.fontconfig/e3fa16a14183b06aa45b3e009278fd14-le32d4.cache-3
aed12000-aed13000 r--s 00000000 08:01 8252426                            /home/me/.fontconfig/fc14e3aff40829fbb7132d5e06a8168b-le32d4.cache-3
aed13000-aed15000 r--s 00000000 08:01 8252425                            /home/me/.fontconfig/dc69028cb7d26f67d8024a5e4f94b512-le32d4.cache-3
aed15000-aed16000 r--s 00000000 08:01 8252424                            /home/me/.fontconfig/52728cdc49031813f272d4aa720952ff-le32d4.cache-3
aed16000-aed17000 r--s 00000000 08:01 8252423                            /home/me/.fontconfig/acf24f57989d82ed5c91b60ef9c3a050-le32d4.cache-3
aed17000-aed18000 r--s 00000000 08:01 7745900                            /home/me/.fontconfig/e7071f4a29fa870f4323321c154eba04-le32d4.cache-3
aed18000-aed19000 r--s 00000000 08:01 8252421                            /home/me/.fontconfig/e0853c5e7e7fc9a9e822b52cb2e640cf-le32d4.cache-3
aed19000-aed1b000 r--s 00000000 08:01 8252420                            /home/me/.fontconfig/946752ae7a90c323083f887d43ff0bb2-le32d4.cache-3
aed1b000-aed1f000 r--s 00000000 08:01 8252419                            /home/me/.fontconfig/921a30a17f0be15c70ac14043cb7a739-le32d4.cache-3
aed1f000-aed20000 r--s 00000000 08:01 7744412                            /home/me/.fontconfig/617957603a337376ca8784972c6029f5-le32d4.cache-3
aed20000-aed21000 r--s 00000000 08:01 7744493                            /home/me/.fontconfig/77b18b36891b2c3ee123bc985c86a99d-le32d4.cache-3
aed21000-aed23000 r--s 00000000 08:01 7858589                            /home/me/.fontconfig/b5ea634b0fb353b8ea17632d1f9ef766-le32d4.cache-3
aed23000-aed2b000 r--s 00000000 08:01 8252415                            /home/me/.fontconfig/5aa9259560595826861fba5056bf4850-le32d4.cache-3
aed2b000-aed2e000 r--s 00000000 08:01 8252414                            /home/me/.fontconfig/6eb3985aa4124903f6ff08ba781cd364-le32d4.cache-3
aed2e000-aed31000 r--s 00000000 08:01 8252413                            /home/me/.fontconfig/406eb2608f5a95a901a59d18e2121a98-le32d4.cache-3
aed31000-aed4e000 r--s 00000000 08:01 8252412                            /home/me/.fontconfig/4ca92cf76c0cf3dfa7f011127eff595d-le32d4.cache-3
aed4e000-aed6d000 r--s 00000000 08:01 8252411                            /home/me/.fontconfig/6abf76b0b4cc7192703d8431ac929b75-le32d4.cache-3
aed6d000-aed8d000 r--s 00000000 08:01 8252410                            /home/me/.fontconfig/f408d08d2fce062ab660f628db78bf96-le32d4.cache-3
aed8d000-aed8e000 r--s 00000000 08:01 7744411                            /home/me/.fontconfig/4c73fe0c47614734b17d736dbde7580a-le32d4.cache-3
aed8e000-aed8f000 r--s 00000000 08:01 8252408                            /home/me/.fontconfig/0d8c3b2ac0904cb8a57a757ad11a4a08-le32d4.cache-3
aed8f000-aed90000 r--s 00000000 08:01 7744410                            /home/me/.fontconfig/6a53c69dea097a2d716e069445527da8-le32d4.cache-3
aed90000-aed94000 r--s 00000000 08:01 7744492                            /home/me/.fontconfig/062808c12e6e608270f93bb230aed730-le32d4.cache-3
aed94000-aed95000 r--s 00000000 08:01 8252405                            /home/me/.fontconfig/406bd5c19e5cc517440ee75488dad48e-le32d4.cache-3
aed95000-aed98000 r--s 00000000 08:01 8252404                            /home/me/.fontconfig/dfe01fa16583a856689483e0569db943-le32d4.cache-3
aed98000-aed9c000 r--s 00000000 08:01 7744409                            /home/me/.fontconfig/a755afe4a08bf5b97852ceb7400b47bc-le32d4.cache-3
aed9c000-aed9d000 r--s 00000000 08:01 8252402                            /home/me/.fontconfig/7ee55724f82591cb35c3d9771e9e69ed-le32d4.cache-3
aed9d000-aed9f000 r--s 00000000 08:01 8252401                            /home/me/.fontconfig/f680583fed5bdc90d95a16af47e16528-le32d4.cache-3
aed9f000-aeda0000 r--s 00000000 08:01 8252400                            /home/me/.fontconfig/a8d35ba226d862df35f7c320f882e11a-le32d4.cache-3
aeda0000-aeda1000 r--s 00000000 08:01 8252399                            /home/me/.fontconfig/5a86461592e14be7c82e45729474f230-le32d4.cache-3
aeda1000-aeda2000 r--s 00000000 08:01 8252398                            /home/me/.fontconfig/818fefaf4a9a6d62e9703ad211f6e18f-le32d4.cache-3
aeda2000-aeda6000 r--s 00000000 08:01 8252396                            /home/me/.fontconfig/515ca1ebc4b18308bea979be5704f9db-le32d4.cache-3
aeda6000-aedad000 r--s 00000000 08:01 7744377                            /home/me/.fontconfig/6d41288fd70b0be22e8c3a91e032eec0-le32d4.cache-3
aedad000-aedb0000 r--s 00000000 08:01 8252393                            /home/me/.fontconfig/24cfa87181cfa5a1c0a5ecfd4c14c4b3-le32d4.cache-3
aedb0000-aedb3000 r--s 00000000 08:01 7745871                            /home/me/.fontconfig/de156ccd2eddbdc19d37a45b8b2aac9c-le32d4.cache-3
aedb3000-aedb5000 r--s 00000000 08:01 8252392                            /home/me/.fontconfig/4609d6ed693fb2a61c04ed6a1f4c071e-le32d4.cache-3
aedb5000-aedbd000 r--s 00000000 08:01 7744408                            /home/me/.fontconfig/e3de0de479f42330eadf588a55fb5bf4-le32d4.cache-3
aedbd000-aedc8000 r--s 00000000 08:01 7744501                            /home/me/.fontconfig/0f34bcd4b6ee430af32735b75db7f02b-le32d4.cache-3
aedc8000-aedca000 r--s 00000000 08:01 8252383                            /home/me/.fontconfig/48b6b01af2a6a6e7e7f3fa61998c4afa-le32d4.cache-3
aedca000-aedec000 r--s 00000000 08:01 8252382                            /home/me/.fontconfig/365b55f210c0a22e9a19e35191240f32-le32d4.cache-3
aedec000-aee42000 r--s 00000000 08:01 8252366                            /home/me/.fontconfig/b80ce64a4bd0ac846cde5fbdd290c01c-le32d4.cache-3
aee42000-aee61000 r--s 00000000 08:01 8252365                            /home/me/.fontconfig/198d8fcf01c96d0cf813f74fd759bdb7-le32d4.cache-3
aee61000-aee64000 ---p 00000000 00:00 0 
aee64000-aeeb2000 rw-p 00000000 00:00 0 
af08e000-af091000 ---p 00000000 00:00 0 
af091000-af0df000 rw-p 00000000 00:00 0 
af0fb000-af120000 r-xp 00000000 08:01 14298251                           /usr/lib32/libvorbis.so.0.4.5
af120000-af121000 r--p 00025000 08:01 14298251                           /usr/lib32/libvorbis.so.0.4.5
af121000-af122000 rw-p 00026000 08:01 14298251                           /usr/lib32/libvorbis.so.0.4.5
af122000-af123000 r--s 00000000 08:01 8252397                            /home/me/.fontconfig/342245cecc7b46fd40dc20a7c48a9d74-le32d4.cache-3
af123000-af129000 r--s 00000000 08:01 8252390                            /home/me/.fontconfig/a6354e3ac43af67bd8d7b8e43c34e49f-le32d4.cache-3
af129000-af12a000 r--s 00000000 08:01 7744499                            /home/me/.fontconfig/4c8bd476623eafb6fe862291a3b05f7d-le32d4.cache-3
af12a000-af12d000 r--s 00000000 08:01 7744404                            /home/me/.fontconfig/d60319d88cac85ba9e1a07bd06cfbb8c-le32d4.cache-3
af12d000-af12e000 r--s 00000000 08:01 8252386                            /home/me/.fontconfig/9451a55048e8dbe8633e64d34165fdf2-le32d4.cache-3
af12e000-af130000 r--s 00000000 08:01 7744500                            /home/me/.fontconfig/85130c034ee6c6a57445579585c0b546-le32d4.cache-3
af130000-af133000 r--s 00000000 08:01 8252380                            /home/me/.fontconfig/0dad82dbaa6c15cf0806f139d62298a3-le32d4.cache-3
af133000-af136000 r--s 00000000 08:01 7744490                            /home/me/.fontconfig/de9486f0b47a4d768a594cb4198cb1c6-le32d4.cache-3
af136000-af13b000 r--s 00000000 08:01 7744509                            /home/me/.fontconfig/ce677e824a231659fde4a3a246a10ea3-le32d4.cache-3
af13b000-af164000 r-xp 00000000 08:01 13411020                           /usr/lib32/gtk-2.0/2.10.0/engines/libclearlooks.so
af164000-af165000 r--p 00028000 08:01 13411020                           /usr/lib32/gtk-2.0/2.10.0/engines/libclearlooks.so
af165000-af166000 rw-p 00029000 08:01 13411020                           /usr/lib32/gtk-2.0/2.10.0/engines/libclearlooks.so
af166000-af18c000 r-xp 00000000 08:01 9011697                            /lib32/libexpat.so.1.5.2
af18c000-af18d000 ---p 00026000 08:01 9011697                            /lib32/libexpat.so.1.5.2
af18d000-af18f000 r--p 00026000 08:01 9011697                            /lib32/libexpat.so.1.5.2
af18f000-af190000 rw-p 00028000 08:01 9011697                            /lib32/libexpat.so.1.5.2
af190000-af1a9000 r-xp 00000000 08:01 9011708                            /lib32/libselinux.so.1
af1a9000-af1aa000 r--p 00018000 08:01 9011708                            /lib32/libselinux.so.1
af1aa000-af1ab000 rw-p 00019000 08:01 9011708                            /lib32/libselinux.so.1
af1ab000-af1bc000 r-xp 00000000 08:01 9011574                            /lib32/libresolv-2.13.so
af1bc000-af1bd000 r--p 00010000 08:01 9011574                            /lib32/libresolv-2.13.so
af1bd000-af1be000 rw-p 00011000 08:01 9011574                            /lib32/libresolv-2.13.so
af1be000-af1c0000 rw-p 00000000 00:00 0 
af1c0000-af1fd000 r-xp 00000000 08:01 9011706                            /lib32/libpcre.so.3.12.1
af1fd000-af1fe000 r--p 0003c000 08:01 9011706                            /lib32/libpcre.so.3.12.1
af1fe000-af1ff000 rw-p 0003d000 08:01 9011706                            /lib32/libpcre.so.3.12.1
af1ff000-af212000 r-xp 00000000 08:01 14295169                           /usr/lib32/libz.so.1.2.3.4
af212000-af213000 r--p 00012000 08:01 14295169                           /usr/lib32/libz.so.1.2.3.4
af213000-af214000 rw-p 00013000 08:01 14295169                           /usr/lib32/libz.so.1.2.3.4
af214000-af21a000 r-xp 00000000 08:01 14298332                           /usr/lib32/libxcb-render.so.0.0.0
af21a000-af21b000 r--p 00005000 08:01 14298332                           /usr/lib32/libxcb-render.so.0.0.0
af21b000-af21c000 rw-p 00006000 08:01 14298332                           /usr/lib32/libxcb-render.so.0.0.0
af21c000-af23f000 r-xp 00000000 08:01 9011707                            /lib32/libpng12.so.0.44.0
af23f000-af240000 r--p 00022000 08:01 9011707                            /lib32/libpng12.so.0.44.0
af240000-af241000 rw-p 00023000 08:01 9011707                            /lib32/libpng12.so.0.44.0
af241000-af2a8000 r-xp 00000000 08:01 14298191                           /usr/lib32/libpixman-1.so.0.20.2
af2a8000-af2a9000 ---p 00067000 08:01 14298191                           /usr/lib32/libpixman-1.so.0.20.2
af2a9000-af2ac000 r--p 00067000 08:01 14298191                           /usr/lib32/libpixman-1.so.0.20.2
af2ac000-af2ad000 rw-p 0006a000 08:01 14298191                           /usr/lib32/libpixman-1.so.0.20.2
af2ad000-af2b3000 r-xp 00000000 08:01 14298297                           /usr/lib32/libXrandr.so.2.2.0
af2b3000-af2b4000 r--p 00005000 08:01 14298297                           /usr/lib32/libXrandr.so.2.2.0
af2b4000-af2b5000 rw-p 00006000 08:01 14298297                           /usr/lib32/libXrandr.so.2.2.0
af2b5000-af38a000 r-xp 00000000 08:01 9011700                            /lib32/libglib-2.0.so.0.2800.6
af38a000-af38b000 r--p 000d4000 08:01 9011700                            /lib32/libglib-2.0.so.0.2800.6
af38b000-af38c000 rw-p 000d5000 08:01 9011700                            /lib32/libglib-2.0.so.0.2800.6
af38c000-af3d1000 r-xp 00000000 08:01 14298313                           /usr/lib32/libgobject-2.0.so.0.2800.6
af3d1000-af3d2000 r--p 00044000 08:01 14298313                           /usr/lib32/libgobject-2.0.so.0.2800.6
af3d2000-af3d3000 rw-p 00045000 08:01 14298313                           /usr/lib32/libgobject-2.0.so.0.2800.6
af3d3000-af400000 r-xp 00000000 08:01 14298304                           /usr/lib32/libfontconfig.so.1.4.4
af400000-af401000 r--p 0002c000 08:01 14298304                           /usr/lib32/libfontconfig.so.1.4.4
af401000-af402000 rw-p 0002d000 08:01 14298304                           /usr/lib32/libfontconfig.so.1.4.4
af402000-af483000 r-xp 00000000 08:01 14298305                           /usr/lib32/libfreetype.so.6.6.2
af483000-af487000 r--p 00080000 08:01 14298305                           /usr/lib32/libfreetype.so.6.6.2
af487000-af488000 rw-p 00084000 08:01 14298305                           /usr/lib32/libfreetype.so.6.6.2
af488000-af4c6000 r-xp 00000000 08:01 14298322                           /usr/lib32/libpango-1.0.so.0.2800.4
af4c6000-af4c7000 r--p 0003e000 08:01 14298322                           /usr/lib32/libpango-1.0.so.0.2800.4
af4c7000-af4c8000 rw-p 0003f000 08:01 14298322                           /usr/lib32/libpango-1.0.so.0.2800.4
af4c8000-af4ed000 r-xp 00000000 08:01 14298324                           /usr/lib32/libpangoft2-1.0.so.0.2800.4
af4ed000-af4ee000 ---p 00025000 08:01 14298324                           /usr/lib32/libpangoft2-1.0.so.0.2800.4
af4ee000-af4ef000 r--p 00025000 08:01 14298324                           /usr/lib32/libpangoft2-1.0.so.0.2800.4
af4ef000-af4f0000 rw-p 00026000 08:01 14298324                           /usr/lib32/libpangoft2-1.0.so.0.2800.4
af4f0000-af5ee000 r-xp 00000000 08:01 14298308                           /usr/lib32/libgio-2.0.so.0.2800.6
af5ee000-af5ef000 ---p 000fe000 08:01 14298308                           /usr/lib32/libgio-2.0.so.0.2800.6
af5ef000-af5f1000 r--p 000fe000 08:01 14298308                           /usr/lib32/libgio-2.0.so.0.2800.6
af5f1000-af5f2000 rw-p 00100000 08:01 14298308                           /usr/lib32/libgio-2.0.so.0.2800.6
af5f2000-af5f3000 rw-p 00000000 00:00 0 
af5f3000-af60e000 r-xp 00000000 08:01 14298107                           /usr/lib32/libgdk_pixbuf-2.0.so.0.2300.3
af60e000-af60f000 r--p 0001a000 08:01 14298107                           /usr/lib32/libgdk_pixbuf-2.0.so.0.2300.3
af60f000-af610000 rw-p 0001b000 08:01 14298107                           /usr/lib32/libgdk_pixbuf-2.0.so.0.2300.3
af610000-af6be000 r-xp 00000000 08:01 14298055                           /usr/lib32/libcairo.so.2.11000.2
af6be000-af6bf000 ---p 000ae000 08:01 14298055                           /usr/lib32/libcairo.so.2.11000.2
af6bf000-af6c0000 r--p 000ae000 08:01 14298055                           /usr/lib32/libcairo.so.2.11000.2
af6c0000-af6c1000 rw-p 000af000 08:01 14298055                           /usr/lib32/libcairo.so.2.11000.2
af6c1000-af6c3000 rw-p 00000000 00:00 0 
af6c3000-af6dc000 r-xp 00000000 08:01 14298301                           /usr/lib32/libatk-1.0.so.0.9.1
af6dc000-af6dd000 ---p 00019000 08:01 14298301                           /usr/lib32/libatk-1.0.so.0.9.1
af6dd000-af6de000 r--p 00019000 08:01 14298301                           /usr/lib32/libatk-1.0.so.0.9.1
af6de000-af6df000 rw-p 0001a000 08:01 14298301                           /usr/lib32/libatk-1.0.so.0.9.1
af6df000-af774000 r-xp 00000000 08:01 14298141                           /usr/lib32/libgdk-x11-2.0.so.0.2400.4
af774000-af775000 ---p 00095000 08:01 14298141                           /usr/lib32/libgdk-x11-2.0.so.0.2400.4
af775000-af777000 r--p 00095000 08:01 14298141                           /usr/lib32/libgdk-x11-2.0.so.0.2400.4
af777000-af778000 rw-p 00097000 08:01 14298141                           /usr/lib32/libgdk-x11-2.0.so.0.2400.4
af778000-afb49000 r-xp 00000000 08:01 14298140                           /usr/lib32/libgtk-x11-2.0.so.0.2400.4
afb49000-afb4d000 r--p 003d0000 08:01 14298140                           /usr/lib32/libgtk-x11-2.0.so.0.2400.4
afb4d000-afb4f000 rw-p 003d4000 08:01 14298140                           /usr/lib32/libgtk-x11-2.0.so.0.2400.4
afb4f000-afb51000 rw-p 00000000 00:00 0 
afb51000-afb53000 r--s 00000000 08:01 8252375                            /home/me/.fontconfig/f3eeabf710fa7a302622e448b9e5909a-le32d4.cache-3
afb53000-afb5b000 r--s 00000000 08:01 7744285                            /home/me/.fontconfig/d52a8644073d54c13679302ca1180695-le32d4.cache-3
afb5b000-afb5c000 r--s 00000000 08:01 8252373                            /home/me/.fontconfig/ae26c1aac6606cb24499bf89ff8f20df-le32d4.cache-3
afb5c000-afb61000 r--s 00000000 08:01 8252371                            /home/me/.fontconfig/105b9c7e6f0a4f82d8c9b6e39c52c6f9-le32d4.cache-3
afb61000-afb62000 r--s 00000000 08:01 7745898                            /home/me/.fontconfig/ec648e9a1aea82bddd4bd6050028158d-le32d4.cache-3
afb62000-afb64000 r--s 00000000 08:01 8252369                            /home/me/.fontconfig/5b0623c2c1e6dea9559ee397e26a7919-le32d4.cache-3
afb64000-afb6a000 r--s 00000000 08:01 8252368                            /home/me/.fontconfig/089dead882dea3570ffc31a9898cfb69-le32d4.cache-3
afb6a000-afb72000 r--s 00000000 08:01 7744472                            /home/me/.fontconfig/4ac51e5cfbc76fc3f983e470323a16d3-le32d4.cache-3
afb72000-afb7d000 r--s 00000000 08:01 8249347                            /home/me/.fontconfig/cabbd14511b9e8a55e92af97fb3a0461-le32d4.cache-3
afb7d000-afb97000 r--s 00000000 08:01 7744485                            /home/me/.fontconfig/e13b20fdb08344e0e664864cc2ede53d-le32d4.cache-3
afb97000-afb9a000 r--s 00000000 08:01 8252349                            /home/me/.fontconfig/ba022efc551c75e21c690774bbcf5304-le32d4.cache-3
afb9a000-afba0000 r--s 00000000 08:01 7744387                            /home/me/.fontconfig/7ef2298fde41cc6eeb7af42e48b7d293-le32d4.cache-3
afba0000-afbae000 r--s 00000000 08:01 8252337                            /home/me/.fontconfig/865f88548240fee46819705c6468c165-le32d4.cache-3
afbae000-afbb1000 ---p 00000000 00:00 0 
afbb1000-afbff000 rw-p 00000000 00:00 0 
afbff000-afc5e000 r-xp 00000000 08:01 1271129                            /app/jdk32/jre/lib/i386/libt2k.so
afc5e000-afc62000 rw-p 0005f000 08:01 1271129                            /app/jdk32/jre/lib/i386/libt2k.so
afc62000-afc66000 rw-p 00000000 00:00 0 
afc66000-afca8000 r-xp 00000000 08:01 1271145                            /app/jdk32/jre/lib/i386/libfontmanager.so
afca8000-afcab000 rw-p 00041000 08:01 1271145                            /app/jdk32/jre/lib/i386/libfontmanager.so
afcab000-afcaf000 rw-p 00000000 00:00 0 
afcaf000-afcb2000 ---p 00000000 00:00 0 
afcb2000-afd00000 rw-p 00000000 00:00 0 
afd00000-afdeb000 rw-p 00000000 00:00 0 
afdeb000-afe00000 ---p 00000000 00:00 0 
afe00000-afe02000 r--s 00000000 08:01 7744263                            /home/me/.fontconfig/ddd4086aec35a5275babba44bb759c3c-le32d4.cache-3
afe02000-afe04000 r-xp 00000000 08:01 14298333                           /usr/lib32/libxcb-shm.so.0.0.0
afe04000-afe05000 r--p 00001000 08:01 14298333                           /usr/lib32/libxcb-shm.so.0.0.0
afe05000-afe06000 rw-p 00002000 08:01 14298333                           /usr/lib32/libxcb-shm.so.0.0.0
afe06000-afe08000 r-xp 00000000 08:01 14298296                           /usr/lib32/libXinerama.so.1.0.0
afe08000-afe09000 r--p 00001000 08:01 14298296                           /usr/lib32/libXinerama.so.1.0.0
afe09000-afe0a000 rw-p 00002000 08:01 14298296                           /usr/lib32/libXinerama.so.1.0.0
afe0a000-afe0d000 r-xp 00000000 08:01 14298315                           /usr/lib32/libgthread-2.0.so.0.2800.6
afe0d000-afe0e000 r--p 00003000 08:01 14298315                           /usr/lib32/libgthread-2.0.so.0.2800.6
afe0e000-afe0f000 rw-p 00004000 08:01 14298315                           /usr/lib32/libgthread-2.0.so.0.2800.6
afe0f000-afe11000 r-xp 00000000 08:01 14298309                           /usr/lib32/libgmodule-2.0.so.0.2800.6
afe11000-afe12000 r--p 00002000 08:01 14298309                           /usr/lib32/libgmodule-2.0.so.0.2800.6
afe12000-afe13000 rw-p 00003000 08:01 14298309                           /usr/lib32/libgmodule-2.0.so.0.2800.6
afe13000-afe15000 r-xp 00000000 08:01 14298290                           /usr/lib32/libXdamage.so.1.1.0
afe15000-afe16000 r--p 00001000 08:01 14298290                           /usr/lib32/libXdamage.so.1.1.0
afe16000-afe17000 rw-p 00002000 08:01 14298290                           /usr/lib32/libXdamage.so.1.1.0
afe17000-afe19000 r-xp 00000000 08:01 14298288                           /usr/lib32/libXcomposite.so.1.0.0
afe19000-afe1a000 r--p 00001000 08:01 14298288                           /usr/lib32/libXcomposite.so.1.0.0
afe1a000-afe1b000 rw-p 00002000 08:01 14298288                           /usr/lib32/libXcomposite.so.1.0.0
afe1b000-afe25000 r-xp 00000000 08:01 14298323                           /usr/lib32/libpangocairo-1.0.so.0.2800.4
afe25000-afe26000 r--p 00009000 08:01 14298323                           /usr/lib32/libpangocairo-1.0.so.0.2800.4
afe26000-afe27000 rw-p 0000a000 08:01 14298323                           /usr/lib32/libpangocairo-1.0.so.0.2800.4
afe27000-afe41000 r-xp 00000000 08:01 14295160                           /usr/lib32/libgcc_s.so.1
afe41000-afe42000 r--p 00019000 08:01 14295160                           /usr/lib32/libgcc_s.so.1
afe42000-afe43000 rw-p 0001a000 08:01 14295160                           /usr/lib32/libgcc_s.so.1
afe43000-afe46000 ---p 00000000 00:00 0 
afe46000-afe94000 rw-p 00000000 00:00 0 
afe94000-afe97000 ---p 00000000 00:00 0 
afe97000-afee5000 rw-p 00000000 00:00 0 
afee5000-afffb000 r-xp 00000000 08:01 14298286                           /usr/lib32/libX11.so.6.3.0
afffb000-afffc000 ---p 00116000 08:01 14298286                           /usr/lib32/libX11.so.6.3.0
afffc000-afffd000 r--p 00116000 08:01 14298286                           /usr/lib32/libX11.so.6.3.0
afffd000-affff000 rw-p 00117000 08:01 14298286                           /usr/lib32/libX11.so.6.3.0
affff000-b0000000 rw-p 00000000 00:00 0 
b0000000-b00fb000 rw-p 00000000 00:00 0 
b00fb000-b0100000 ---p 00000000 00:00 0 
b0100000-b0102000 r--s 00000000 08:01 7744515                            /home/me/.fontconfig/6fe0ed9ceabbaa79283ea9c0b49c5d6e-le32d4.cache-3
b0102000-b0106000 r-xp 00000000 08:01 14298293                           /usr/lib32/libXfixes.so.3.1.0
b0106000-b0107000 r--p 00003000 08:01 14298293                           /usr/lib32/libXfixes.so.3.1.0
b0107000-b0108000 rw-p 00004000 08:01 14298293                           /usr/lib32/libXfixes.so.3.1.0
b0108000-b0110000 r-xp 00000000 08:01 14298289                           /usr/lib32/libXcursor.so.1.0.2
b0110000-b0111000 r--p 00007000 08:01 14298289                           /usr/lib32/libXcursor.so.1.0.2
b0111000-b0112000 rw-p 00008000 08:01 14298289                           /usr/lib32/libXcursor.so.1.0.2
b0112000-b0115000 ---p 00000000 00:00 0 
b0115000-b0163000 rw-p 00000000 00:00 0 
b0163000-b0167000 r-xp 00000000 08:01 14298291                           /usr/lib32/libXdmcp.so.6.0.0
b0167000-b0168000 r--p 00003000 08:01 14298291                           /usr/lib32/libXdmcp.so.6.0.0
b0168000-b0169000 rw-p 00004000 08:01 14298291                           /usr/lib32/libXdmcp.so.6.0.0
b0169000-b016b000 r-xp 00000000 08:01 14298287                           /usr/lib32/libXau.so.6.0.0
b016b000-b016c000 r--p 00001000 08:01 14298287                           /usr/lib32/libXau.so.6.0.0
b016c000-b016d000 rw-p 00002000 08:01 14298287                           /usr/lib32/libXau.so.6.0.0
b016d000-b0184000 r-xp 00000000 08:01 14298334                           /usr/lib32/libxcb.so.1.1.0
b0184000-b0185000 r--p 00016000 08:01 14298334                           /usr/lib32/libxcb.so.1.1.0
b0185000-b0186000 rw-p 00017000 08:01 14298334                           /usr/lib32/libxcb.so.1.1.0
b0186000-b0193000 r-xp 00000000 08:01 14298295                           /usr/lib32/libXi.so.6.1.0
b0193000-b0194000 r--p 0000c000 08:01 14298295                           /usr/lib32/libXi.so.6.1.0
b0194000-b0195000 rw-p 0000d000 08:01 14298295                           /usr/lib32/libXi.so.6.1.0
b0195000-b0199000 r-xp 00000000 08:01 14298272                           /usr/lib32/libXtst.so.6.1.0
b0199000-b019a000 r--p 00003000 08:01 14298272                           /usr/lib32/libXtst.so.6.1.0
b019a000-b019b000 rw-p 00004000 08:01 14298272                           /usr/lib32/libXtst.so.6.1.0
b019b000-b01a3000 r-xp 00000000 08:01 14298298                           /usr/lib32/libXrender.so.1.3.0
b01a3000-b01a4000 r--p 00007000 08:01 14298298                           /usr/lib32/libXrender.so.1.3.0
b01a4000-b01a5000 rw-p 00008000 08:01 14298298                           /usr/lib32/libXrender.so.1.3.0
b01a5000-b01b2000 r-xp 00000000 08:01 14298292                           /usr/lib32/libXext.so.6.4.0
b01b2000-b01b3000 r--p 0000c000 08:01 14298292                           /usr/lib32/libXext.so.6.4.0
b01b3000-b01b4000 rw-p 0000d000 08:01 14298292                           /usr/lib32/libXext.so.6.4.0
b01b4000-b01fd000 r-xp 00000000 08:01 1246461                            /app/jdk32/jre/lib/i386/xawt/libmawt.so
b01fd000-b01ff000 rw-p 00048000 08:01 1246461                            /app/jdk32/jre/lib/i386/xawt/libmawt.so
b01ff000-b0200000 rw-p 00000000 00:00 0 
b0200000-b02ec000 rw-p 00000000 00:00 0 
b02ec000-b0300000 ---p 00000000 00:00 0 
b0300000-b0301000 r--s 00000000 08:01 7746079                            /home/me/.fontconfig/4794a0821666d79190d59a36cb4f44b5-le32d4.cache-3
b0301000-b0306000 r-xp 00000000 08:01 14298179                           /usr/lib32/libogg.so.0.7.0
b0306000-b0307000 r--p 00004000 08:01 14298179                           /usr/lib32/libogg.so.0.7.0
b0307000-b0308000 rw-p 00005000 08:01 14298179                           /usr/lib32/libogg.so.0.7.0
b0308000-b030f000 r-xp 00000000 08:01 14298158                           /usr/lib32/libltdl.so.7.2.1
b030f000-b0310000 r--p 00006000 08:01 14298158                           /usr/lib32/libltdl.so.7.2.1
b0310000-b0311000 rw-p 00007000 08:01 14298158                           /usr/lib32/libltdl.so.7.2.1
b0311000-b0320000 r-xp 00000000 08:01 14298244                           /usr/lib32/libtdb.so.1.2.9
b0320000-b0321000 r--p 0000e000 08:01 14298244                           /usr/lib32/libtdb.so.1.2.9
b0321000-b0322000 rw-p 0000f000 08:01 14298244                           /usr/lib32/libtdb.so.1.2.9
b0322000-b0329000 r-xp 00000000 08:01 14298253                           /usr/lib32/libvorbisfile.so.3.3.4
b0329000-b032a000 r--p 00006000 08:01 14298253                           /usr/lib32/libvorbisfile.so.3.3.4
b032a000-b032b000 rw-p 00007000 08:01 14298253                           /usr/lib32/libvorbisfile.so.3.3.4
b032b000-b0339000 r-xp 00000000 08:01 14298057                           /usr/lib32/libcanberra.so.0.2.5
b0339000-b033a000 r--p 0000d000 08:01 14298057                           /usr/lib32/libcanberra.so.0.2.5
b033a000-b033b000 rw-p 0000e000 08:01 14298057                           /usr/lib32/libcanberra.so.0.2.5
b033b000-b033e000 r-xp 00000000 08:01 14298056                           /usr/lib32/libcanberra-gtk.so.0.1.8
b033e000-b033f000 r--p 00002000 08:01 14298056                           /usr/lib32/libcanberra-gtk.so.0.1.8
b033f000-b0340000 rw-p 00003000 08:01 14298056                           /usr/lib32/libcanberra-gtk.so.0.1.8
b0340000-b0344000 r-xp 00000000 08:01 13370224                           /usr/lib32/gtk-2.0/modules/libcanberra-gtk-module.so
b0344000-b0345000 r--p 00003000 08:01 13370224                           /usr/lib32/gtk-2.0/modules/libcanberra-gtk-module.so
b0345000-b0346000 rw-p 00004000 08:01 13370224                           /usr/lib32/gtk-2.0/modules/libcanberra-gtk-module.so
b0346000-b03cc000 r-xp 00000000 08:01 1271108                            /app/jdk32/jre/lib/i386/libawt.so
b03cc000-b03d3000 rw-p 00086000 08:01 1271108                            /app/jdk32/jre/lib/i386/libawt.so
b03d3000-b03f7000 rw-p 00000000 00:00 0 
b03f7000-b0400000 r--s 00254000 08:01 1035643                            /app/jdk32/jre/lib/resources.jar
b0400000-b04fb000 rw-p 00000000 00:00 0 
b04fb000-b0500000 ---p 00000000 00:00 0 
b0500000-b0503000 r--s 00000000 08:01 8252367                            /home/me/.fontconfig/fac9d1061ce4dddb2143955f84876fd7-le32d4.cache-3
b0503000-b0507000 r--s 00088000 08:01 1035650                            /app/jdk32/jre/lib/jsse.jar
b0507000-b051b000 r-xp 00000000 08:01 1271133                            /app/jdk32/jre/lib/i386/libnet.so
b051b000-b051c000 rw-p 00014000 08:01 1271133                            /app/jdk32/jre/lib/i386/libnet.so
b051c000-b052a000 r-xp 00000000 08:01 1271138                            /app/jdk32/jre/lib/i386/libnio.so
b052a000-b052b000 rw-p 0000e000 08:01 1271138                            /app/jdk32/jre/lib/i386/libnio.so
b052b000-b0531000 r--s 00034000 08:01 11166545                           /app/netbeans7/platform/modules/ext/junit-4.8.2.jar
b0531000-b05d0000 r--s 0074e000 08:01 4646547                            /work/jcog/lib/abcl/abcl.jar
b05d0000-b05d1000 r--s 00004000 08:01 6702557                            /work/jcog/lib/jogl/newt.awt.jar
b05d1000-b05d3000 r--s 00016000 08:01 6702556                            /work/jcog/lib/jogl/newt.all.jar
b05d3000-b05d5000 r--s 18703000 08:01 5857388                            /app/stanford/stanford-corenlp-2010-11-12/stanford-corenlp-models-2010-11-06.jar
b05d5000-b05dc000 r--s 00045000 08:01 1098130                            /work/jcog/lib/corenlp/xom.jar
b05dc000-b0601000 r--s 002b2000 08:01 1098129                            /work/jcog/lib/corenlp/stanford-corenlp-2010-11-12.jar
b0601000-b0608000 r--s 00029000 08:01 1098128                            /work/jcog/lib/corenlp/jgrapht.jar
b0608000-b060b000 r--s 00026000 08:01 6751927                            /work/jcog/lib/corenlp/jgraph.jar
b060b000-b0631000 rw-p 00000000 00:00 0 
b0631000-b0738000 r--s 00c46000 08:01 6751926                            /work/jcog/lib/corenlp/fastutil.jar
b0738000-b073b000 r--s 00011000 08:01 6702548                            /work/jcog/lib/jogl/nativewindow.all.jar
b073b000-b073d000 r--s 00005000 08:01 6702325                            /work/jcog/lib/jogl/gluegen-rt.jar
b073d000-b074b000 r--s 00177000 08:01 6702328                            /work/jcog/lib/jogl/jogl.all.jar
b074b000-b075c000 r--s 0014c000 08:01 4924096                            /work/jcog/lib/jfreechart/jfreechart-1.0.13.jar
b075c000-b0773000 r--s 00100000 08:01 6711023                            /work/jcog/lib/guava/guava-r09.jar
b0773000-b0779000 r--s 00046000 08:01 4924097                            /work/jcog/lib/jfreechart/jcommon-1.0.16.jar
b0779000-b0780000 r--s 00049000 08:01 4408312                            /work/jcog/lib/jung/jung-visualization-2.0-beta1.jar
b0780000-b0781000 r--s 00004000 08:01 4408314                            /work/jcog/lib/jung/jung-jai-2.0-beta1.jar
b0781000-b0783000 r--s 00009000 08:01 4408316                            /work/jcog/lib/jung/jung-io-2.0-beta1.jar
b0783000-b0785000 r--s 0000e000 08:01 4408318                            /work/jcog/lib/jung/jung-graph-impl-2.0-beta1.jar
b0785000-b078a000 r--s 00039000 08:01 4408310                            /work/jcog/lib/jung/jung-algorithms-2.0-beta1.jar
b078a000-b078b000 ---p 00000000 00:00 0 
b078b000-b080b000 rw-p 00000000 00:00 0 
b080b000-b080e000 ---p 00000000 00:00 0 
b080e000-b085c000 rw-p 00000000 00:00 0 
b085c000-b085f000 ---p 00000000 00:00 0 
b085f000-b08dd000 rw-p 00000000 00:00 0 
b08dd000-b08e0000 ---p 00000000 00:00 0 
b08e0000-b095e000 rw-p 00000000 00:00 0 
b095e000-b0961000 ---p 00000000 00:00 0 
b0961000-b09af000 rw-p 00000000 00:00 0 
b09af000-b09b2000 ---p 00000000 00:00 0 
b09b2000-b0a00000 rw-p 00000000 00:00 0 
b0a00000-b0afb000 rw-p 00000000 00:00 0 
b0afb000-b0b00000 ---p 00000000 00:00 0 
b0b00000-b0b01000 r--s 00006000 08:01 4408322                            /work/jcog/lib/jung/jung-api-2.0-beta1-tests.jar
b0b01000-b0b03000 r--s 00008000 08:01 4408302                            /work/jcog/lib/jung/jung-api-2.0-beta1.jar
b0b03000-b0b0a000 r--s 00028000 08:01 4408308                            /work/jcog/lib/jung/concurrent-1.3.4.jar
b0b0a000-b0b18000 r--s 00081000 08:01 4408294                            /work/jcog/lib/jung/colt-1.2.0.jar
b0b18000-b0b24000 r--s 00076000 08:01 4408300                            /work/jcog/lib/jung/collections-generic-4.01.jar
b0b24000-b0b2b000 r--s 00059000 08:01 3934034                            /work/jcog/lib/dann/log4j-1.2.15.jar
b0b2b000-b0b31000 r--s 00030000 08:01 3934033                            /work/jcog/lib/dann/junit-4.6.jar
b0b31000-b0b34000 ---p 00000000 00:00 0 
b0b34000-b0b82000 rw-p 00000000 00:00 0 
b0b82000-b0b85000 ---p 00000000 00:00 0 
b0b85000-b0bd3000 rw-p 00000000 00:00 0 
b0bd3000-b0bd6000 ---p 00000000 00:00 0 
b0bd6000-b0c24000 rw-p 00000000 00:00 0 
b0c24000-b0c27000 ---p 00000000 00:00 0 
b0c27000-b0c75000 rw-p 00000000 00:00 0 
b0c75000-b0c76000 ---p 00000000 00:00 0 
b0c76000-b0d41000 rw-p 00000000 00:00 0 
b0d41000-b0f00000 r--s 039fa000 08:01 1035521                            /app/jdk32/jre/lib/rt.jar
b0f00000-b1000000 rw-p 00000000 00:00 0 
b1000000-b1002000 r--s 0004e000 08:01 3934035                            /work/jcog/lib/dann/vecmath.jar
b1002000-b1010000 r--s 0007d000 08:01 3934036                            /work/jcog/lib/dann/dann-core-2.0-SNAPSHOT.jar
b1010000-b1011000 ---p 00000000 00:00 0 
b1011000-b1091000 rw-p 00000000 00:00 0 
b1091000-b1092000 ---p 00000000 00:00 0 
b1092000-b1112000 rw-p 00000000 00:00 0 
b1112000-b1113000 ---p 00000000 00:00 0 
b1113000-b1193000 rw-p 00000000 00:00 0 
b1193000-b1194000 ---p 00000000 00:00 0 
b1194000-b122c000 rw-p 00000000 00:00 0 
b122c000-b135f000 rw-p 00000000 00:00 0 
b135f000-b136d000 rw-p 00000000 00:00 0 
b136d000-b137f000 rw-p 00000000 00:00 0 
b137f000-b1397000 rw-p 00000000 00:00 0 
b1397000-b14c9000 rw-p 00000000 00:00 0 
b14c9000-b1569000 rw-p 00000000 00:00 0 
b1569000-b156f000 ---p 00000000 00:00 0 
b156f000-b2ff0000 rw-p 00000000 00:00 0 
b2ff0000-b5570000 rw-p 00000000 00:00 0 
b5570000-b8420000 rw-p 00000000 00:00 0 
b8420000-dead0000 rw-p 00000000 00:00 0 
dead0000-f2970000 rw-p 00000000 00:00 0 
f2970000-f3570000 ---p 00000000 00:00 0 
f3570000-f3579000 rw-p 00000000 00:00 0 
f3579000-f3630000 rw-p 00000000 00:00 0 
f3630000-f3870000 rwxp 00000000 00:00 0 
f3870000-f6630000 rw-p 00000000 00:00 0 
f6630000-f663a000 r-xp 00000000 08:01 9011543                            /lib32/libnss_files-2.13.so
f663a000-f663b000 r--p 00009000 08:01 9011543                            /lib32/libnss_files-2.13.so
f663b000-f663c000 rw-p 0000a000 08:01 9011543                            /lib32/libnss_files-2.13.so
f663c000-f664f000 r-xp 00000000 08:01 9011540                            /lib32/libnsl-2.13.so
f664f000-f6650000 r--p 00012000 08:01 9011540                            /lib32/libnsl-2.13.so
f6650000-f6651000 rw-p 00013000 08:01 9011540                            /lib32/libnsl-2.13.so
f6651000-f6653000 rw-p 00000000 00:00 0 
f6653000-f6659000 r-xp 00000000 08:01 9011541                            /lib32/libnss_compat-2.13.so
f6659000-f665a000 r--p 00005000 08:01 9011541                            /lib32/libnss_compat-2.13.so
f665a000-f665b000 rw-p 00006000 08:01 9011541                            /lib32/libnss_compat-2.13.so
f665b000-f665e000 r-xp 00000000 08:01 1271135                            /app/jdk32/jre/lib/i386/libdt_socket.so
f665e000-f665f000 rw-p 00002000 08:01 1271135                            /app/jdk32/jre/lib/i386/libdt_socket.so
f665f000-f666d000 rw-p 00000000 00:00 0 
f666d000-f667f000 rw-p 00000000 00:00 0 
f667f000-f6696000 r-xp 00000000 08:01 1271146                            /app/jdk32/jre/lib/i386/libzip.so
f6696000-f6697000 rw-p 00017000 08:01 1271146                            /app/jdk32/jre/lib/i386/libzip.so
f6697000-f669f000 rw-s 00000000 08:01 13525311                           /tmp/hsperfdata_me/14064
f669f000-f689f000 r--p 00000000 08:01 14279221                           /usr/lib/locale/locale-archive
f689f000-f68d6000 r-xp 00000000 08:01 1271130                            /app/jdk32/jre/lib/i386/libjdwp.so
f68d6000-f68d7000 rw-p 00037000 08:01 1271130                            /app/jdk32/jre/lib/i386/libjdwp.so
f68d7000-f68de000 r-xp 00000000 08:01 9011575                            /lib32/librt-2.13.so
f68de000-f68df000 r--p 00006000 08:01 9011575                            /lib32/librt-2.13.so
f68df000-f68e0000 rw-p 00007000 08:01 9011575                            /lib32/librt-2.13.so
f68e0000-f68e3000 ---p 00000000 00:00 0 
f68e3000-f6931000 rw-p 00000000 00:00 0 
f6931000-f6955000 r-xp 00000000 08:01 9011538                            /lib32/libm-2.13.so
f6955000-f6956000 r--p 00023000 08:01 9011538                            /lib32/libm-2.13.so
f6956000-f6957000 rw-p 00024000 08:01 9011538                            /lib32/libm-2.13.so
f6957000-f70bb000 r-xp 00000000 08:01 1253661                            /app/jdk32/jre/lib/i386/server/libjvm.so
f70bb000-f7106000 rw-p 00763000 08:01 1253661                            /app/jdk32/jre/lib/i386/server/libjvm.so
f7106000-f7527000 rw-p 00000000 00:00 0 
f7527000-f767d000 r-xp 00000000 08:01 9011534                            /lib32/libc-2.13.so
f767d000-f767e000 ---p 00156000 08:01 9011534                            /lib32/libc-2.13.so
f767e000-f7680000 r--p 00156000 08:01 9011534                            /lib32/libc-2.13.so
f7680000-f7681000 rw-p 00158000 08:01 9011534                            /lib32/libc-2.13.so
f7681000-f7684000 rw-p 00000000 00:00 0 
f7684000-f7686000 r-xp 00000000 08:01 9011537                            /lib32/libdl-2.13.so
f7686000-f7687000 r--p 00001000 08:01 9011537                            /lib32/libdl-2.13.so
f7687000-f7688000 rw-p 00002000 08:01 9011537                            /lib32/libdl-2.13.so
f7688000-f769b000 r-xp 00000000 08:01 1246462                            /app/jdk32/jre/lib/i386/jli/libjli.so
f769b000-f769c000 rw-p 00012000 08:01 1246462                            /app/jdk32/jre/lib/i386/jli/libjli.so
f769c000-f76b1000 r-xp 00000000 08:01 9011573                            /lib32/libpthread-2.13.so
f76b1000-f76b2000 r--p 00014000 08:01 9011573                            /lib32/libpthread-2.13.so
f76b2000-f76b3000 rw-p 00015000 08:01 9011573                            /lib32/libpthread-2.13.so
f76b3000-f76b6000 rw-p 00000000 00:00 0 
f76b6000-f76b8000 r--s 00009000 08:01 3934032                            /work/jcog/lib/dann/jaxb2-basics-runtime-0.5.3.jar
f76b8000-f76c1000 r-xp 00000000 08:01 9011570                            /lib32/libnss_nis-2.13.so
f76c1000-f76c2000 r--p 00008000 08:01 9011570                            /lib32/libnss_nis-2.13.so
f76c2000-f76c3000 rw-p 00009000 08:01 9011570                            /lib32/libnss_nis-2.13.so
f76c3000-f76c4000 r--p 002a1000 08:01 14279221                           /usr/lib/locale/locale-archive
f76c4000-f76c6000 r-xp 00000000 08:01 1271144                            /app/jdk32/jre/lib/i386/libnpt.so
f76c6000-f76c7000 rw-p 00002000 08:01 1271144                            /app/jdk32/jre/lib/i386/libnpt.so
f76c7000-f76c8000 rw-p 00000000 00:00 0 
f76c8000-f76c9000 r--p 00000000 00:00 0 
f76c9000-f76ec000 r-xp 00000000 08:01 1271122                            /app/jdk32/jre/lib/i386/libjava.so
f76ec000-f76ed000 rw-p 00022000 08:01 1271122                            /app/jdk32/jre/lib/i386/libjava.so
f76ed000-f76f9000 r-xp 00000000 08:01 1271109                            /app/jdk32/jre/lib/i386/libverify.so
f76f9000-f76fa000 rw-p 0000c000 08:01 1271109                            /app/jdk32/jre/lib/i386/libverify.so
f76fa000-f76fb000 rw-p 00000000 00:00 0 
f76fb000-f76fc000 r-xp 00000000 00:00 0                                  [vdso]
f76fc000-f7718000 r-xp 00000000 08:01 6979717                            /lib32/ld-2.13.so
f7718000-f7719000 r--p 0001b000 08:01 6979717                            /lib32/ld-2.13.so
f7719000-f771a000 rw-p 0001c000 08:01 6979717                            /lib32/ld-2.13.so
ffda9000-ffdca000 rw-p 00000000 00:00 0                                  [stack]

VM Arguments:
jvm_args: -Xdebug -Xrunjdwp:transport=dt_socket,address=localhost.localdomain:46557 -Dfile.encoding=UTF-8 -Djava.library.path=lib/jogl 
java_command: jcog.opencog.xml.TestAtomizeXML
Launcher Type: SUN_STANDARD

Environment Variables:
PATH=/usr/local/sbin:/usr/local/bin:/usr/sbin:/usr/bin:/sbin:/bin:/usr/games
SHELL=/bin/bash
DISPLAY=:0.0

Signal Handlers:
SIGSEGV: [libjvm.so+0x6ddc10], sa_mask[0]=0x7ffbfeff, sa_flags=0x10000004
SIGBUS: [libjvm.so+0x6ddc10], sa_mask[0]=0x7ffbfeff, sa_flags=0x10000004
SIGFPE: [libjvm.so+0x59e1e0], sa_mask[0]=0x7ffbfeff, sa_flags=0x10000004
SIGPIPE: SIG_IGN, sa_mask[0]=0x00001000, sa_flags=0x10000000
SIGXFSZ: [libjvm.so+0x59e1e0], sa_mask[0]=0x7ffbfeff, sa_flags=0x10000004
SIGILL: [libjvm.so+0x59e1e0], sa_mask[0]=0x7ffbfeff, sa_flags=0x10000004
SIGUSR1: SIG_DFL, sa_mask[0]=0x00000000, sa_flags=0x00000000
SIGUSR2: [libjvm.so+0x59dae0], sa_mask[0]=0x00000004, sa_flags=0x10000004
SIGHUP: [libjvm.so+0x5a01f0], sa_mask[0]=0x7ffbfeff, sa_flags=0x10000004
SIGINT: SIG_IGN, sa_mask[0]=0x00000000, sa_flags=0x00000000
SIGTERM: [libjvm.so+0x5a01f0], sa_mask[0]=0x7ffbfeff, sa_flags=0x10000004
SIGQUIT: [libjvm.so+0x5a01f0], sa_mask[0]=0x7ffbfeff, sa_flags=0x10000004


---------------  S Y S T E M  ---------------

OS:squeeze/sid

uname:Linux 2.6.38-10-generic #46-Ubuntu SMP Tue Jun 28 15:07:17 UTC 2011 x86_64
libc:glibc 2.13 NPTL 2.13 
rlimit: STACK 8192k, CORE 0k, NPROC infinity, NOFILE 4096, AS infinity
load average:0.82 0.69 0.49

/proc/meminfo:
MemTotal:        4058048 kB
MemFree:          949544 kB
Buffers:           58292 kB
Cached:           880384 kB
SwapCached:        36624 kB
Active:          1773908 kB
Inactive:        1012856 kB
Active(anon):    1475712 kB
Inactive(anon):   429716 kB
Active(file):     298196 kB
Inactive(file):   583140 kB
Unevictable:          64 kB
Mlocked:              64 kB
SwapTotal:       9124884 kB
SwapFree:        8855624 kB
Dirty:               260 kB
Writeback:             0 kB
AnonPages:       1823248 kB
Mapped:           196340 kB
Shmem:             57212 kB
Slab:             102948 kB
SReclaimable:      68320 kB
SUnreclaim:        34628 kB
KernelStack:        4144 kB
PageTables:        46656 kB
NFS_Unstable:          0 kB
Bounce:                0 kB
WritebackTmp:          0 kB
CommitLimit:    11153908 kB
Committed_AS:    4481964 kB
VmallocTotal:   34359738367 kB
VmallocUsed:      129388 kB
VmallocChunk:   34359605244 kB
HardwareCorrupted:     0 kB
HugePages_Total:       0
HugePages_Free:        0
HugePages_Rsvd:        0
HugePages_Surp:        0
Hugepagesize:       2048 kB
DirectMap4k:     1934272 kB
DirectMap2M:     2258944 kB


CPU:total 4 (4 cores per cpu, 1 threads per core) family 6 model 15 stepping 11, cmov, cx8, fxsr, mmx, sse, sse2, sse3, ssse3

/proc/cpuinfo:
processor	: 0
vendor_id	: GenuineIntel
cpu family	: 6
model		: 15
model name	: Intel(R) Core(TM)2 Quad CPU    Q6600  @ 2.40GHz
stepping	: 11
cpu MHz		: 1600.000
cache size	: 4096 KB
physical id	: 0
siblings	: 4
core id		: 0
cpu cores	: 4
apicid		: 0
initial apicid	: 0
fpu		: yes
fpu_exception	: yes
cpuid level	: 10
wp		: yes
flags		: fpu vme de pse tsc msr pae mce cx8 apic sep mtrr pge mca cmov pat pse36 clflush dts acpi mmx fxsr sse sse2 ss ht tm pbe syscall nx lm constant_tsc arch_perfmon pebs bts rep_good nopl aperfmperf pni dtes64 monitor ds_cpl vmx est tm2 ssse3 cx16 xtpr pdcm lahf_lm dts tpr_shadow vnmi flexpriority
bogomips	: 4800.52
clflush size	: 64
cache_alignment	: 64
address sizes	: 36 bits physical, 48 bits virtual
power management:

processor	: 1
vendor_id	: GenuineIntel
cpu family	: 6
model		: 15
model name	: Intel(R) Core(TM)2 Quad CPU    Q6600  @ 2.40GHz
stepping	: 11
cpu MHz		: 2400.000
cache size	: 4096 KB
physical id	: 0
siblings	: 4
core id		: 1
cpu cores	: 4
apicid		: 1
initial apicid	: 1
fpu		: yes
fpu_exception	: yes
cpuid level	: 10
wp		: yes
flags		: fpu vme de pse tsc msr pae mce cx8 apic sep mtrr pge mca cmov pat pse36 clflush dts acpi mmx fxsr sse sse2 ss ht tm pbe syscall nx lm constant_tsc arch_perfmon pebs bts rep_good nopl aperfmperf pni dtes64 monitor ds_cpl vmx est tm2 ssse3 cx16 xtpr pdcm lahf_lm dts tpr_shadow vnmi flexpriority
bogomips	: 4800.03
clflush size	: 64
cache_alignment	: 64
address sizes	: 36 bits physical, 48 bits virtual
power management:

processor	: 2
vendor_id	: GenuineIntel
cpu family	: 6
model		: 15
model name	: Intel(R) Core(TM)2 Quad CPU    Q6600  @ 2.40GHz
stepping	: 11
cpu MHz		: 2400.000
cache size	: 4096 KB
physical id	: 0
siblings	: 4
core id		: 3
cpu cores	: 4
apicid		: 3
initial apicid	: 3
fpu		: yes
fpu_exception	: yes
cpuid level	: 10
wp		: yes
flags		: fpu vme de pse tsc msr pae mce cx8 apic sep mtrr pge mca cmov pat pse36 clflush dts acpi mmx fxsr sse sse2 ss ht tm pbe syscall nx lm constant_tsc arch_perfmon pebs bts rep_good nopl aperfmperf pni dtes64 monitor ds_cpl vmx est tm2 ssse3 cx16 xtpr pdcm lahf_lm dts tpr_shadow vnmi flexpriority
bogomips	: 4800.07
clflush size	: 64
cache_alignment	: 64
address sizes	: 36 bits physical, 48 bits virtual
power management:

processor	: 3
vendor_id	: GenuineIntel
cpu family	: 6
model		: 15
model name	: Intel(R) Core(TM)2 Quad CPU    Q6600  @ 2.40GHz
stepping	: 11
cpu MHz		: 1600.000
cache size	: 4096 KB
physical id	: 0
siblings	: 4
core id		: 2
cpu cores	: 4
apicid		: 2
initial apicid	: 2
fpu		: yes
fpu_exception	: yes
cpuid level	: 10
wp		: yes
flags		: fpu vme de pse tsc msr pae mce cx8 apic sep mtrr pge mca cmov pat pse36 clflush dts acpi mmx fxsr sse sse2 ss ht tm pbe syscall nx lm constant_tsc arch_perfmon pebs bts rep_good nopl aperfmperf pni dtes64 monitor ds_cpl vmx est tm2 ssse3 cx16 xtpr pdcm lahf_lm dts tpr_shadow vnmi flexpriority
bogomips	: 4800.04
clflush size	: 64
cache_alignment	: 64
address sizes	: 36 bits physical, 48 bits virtual
power management:



Memory: 4k page, physical 4058048k(949544k free), swap 9124884k(8855624k free)

vm_info: Java HotSpot(TM) Server VM (21.0-b17) for linux-x86 JRE (1.7.0-b147), built on Jun 27 2011 01:49:33 by "java_re" with gcc 4.3.0 20080428 (Red Hat 4.3.0-8)

time: Sun Aug  7 19:15:37 2011
elapsed time: 50 seconds

